[00:03:17] [Server thread/INFO]: Gammelbockwurst lost connection: Disconnected
[00:03:17] [Server thread/INFO]: Gammelbockwurst left the game
[00:03:30] [Server thread/INFO]: DarthMaulwurf lost connection: Disconnected
[00:03:30] [Server thread/INFO]: DarthMaulwurf left the game
[00:03:50] [Server thread/INFO]: Expected whitespace to end one argument, but found trailing data
[00:03:50] [Server thread/INFO]: /msg hallo?<--[HERE]
[00:03:56] [Server thread/INFO]: Unknown or incomplete command, see below for error
[00:03:56] [Server thread/INFO]: /message hallo?<--[HERE]
[00:04:00] [Server thread/INFO]: /advancement (grant|revoke)
[00:04:00] [Server thread/INFO]: /attribute <target> <attribute> (get|base|modifier)
[00:04:00] [Server thread/INFO]: /execute (run|if|unless|as|at|store|positioned|rotated|facing|align|anchored|in)
[00:04:00] [Server thread/INFO]: /bossbar (add|remove|list|set|get)
[00:04:00] [Server thread/INFO]: /clear [<targets>]
[00:04:00] [Server thread/INFO]: /clone <begin> <end> <destination> [replace|masked|filtered]
[00:04:00] [Server thread/INFO]: /data (merge|get|remove|modify)
[00:04:00] [Server thread/INFO]: /datapack (enable|disable|list)
[00:04:00] [Server thread/INFO]: /debug (start|stop|function)
[00:04:00] [Server thread/INFO]: /defaultgamemode (survival|creative|adventure|spectator)
[00:04:00] [Server thread/INFO]: /difficulty [peaceful|easy|normal|hard]
[00:04:00] [Server thread/INFO]: /effect (clear|give)
[00:04:00] [Server thread/INFO]: /me <action>
[00:04:00] [Server thread/INFO]: /enchant <targets> <enchantment> [<level>]
[00:04:00] [Server thread/INFO]: /experience (add|set|query)
[00:04:00] [Server thread/INFO]: /xp -> experience
[00:04:00] [Server thread/INFO]: /fill <from> <to> <block> [replace|keep|outline|hollow|destroy]
[00:04:00] [Server thread/INFO]: /forceload (add|remove|query)
[00:04:00] [Server thread/INFO]: /function <name>
[00:04:00] [Server thread/INFO]: /gamemode (survival|creative|adventure|spectator)
[00:04:00] [Server thread/INFO]: /gamerule (announceAdvancements|commandBlockOutput|disableElytraMovementCheck|disableRaids|doDaylightCycle|doEntityDrops|doFireTick|doImmediateRespawn|doInsomnia|doLimitedCrafting|doMobLoot|doMobSpawning|doPatrolSpawning|doTileDrops|doTraderSpawning|doWeatherCycle|drowningDamage|fallDamage|fireDamage|forgiveDeadPlayers|freezeDamage|keepInventory|logAdminCommands|maxCommandChainLength|maxEntityCramming|mobGriefing|naturalRegeneration|playersSleepingPercentage|randomTickSpeed|reducedDebugInfo|sendCommandFeedback|showDeathMessages|spawnRadius|spectatorsGenerateChunks|universalAnger)
[00:04:00] [Server thread/INFO]: /give <targets> <item> [<count>]
[00:04:00] [Server thread/INFO]: /help [<command>]
[00:04:00] [Server thread/INFO]: /item (replace|modify)
[00:04:00] [Server thread/INFO]: /kick <targets> [<reason>]
[00:04:00] [Server thread/INFO]: /kill [<targets>]
[00:04:00] [Server thread/INFO]: /list [uuids]
[00:04:00] [Server thread/INFO]: /locate (pillager_outpost|mineshaft|mansion|jungle_pyramid|desert_pyramid|igloo|ruined_portal|shipwreck|swamp_hut|stronghold|monument|ocean_ruin|fortress|endcity|buried_treasure|village|nether_fossil|bastion_remnant)
[00:04:00] [Server thread/INFO]: /locatebiome <biome>
[00:04:00] [Server thread/INFO]: /loot (replace|insert|give|spawn)
[00:04:00] [Server thread/INFO]: /msg <targets> <message>
[00:04:00] [Server thread/INFO]: /tell -> msg
[00:04:00] [Server thread/INFO]: /w -> msg
[00:04:00] [Server thread/INFO]: /particle <name> [<pos>]
[00:04:00] [Server thread/INFO]: /playsound <sound> (master|music|record|weather|block|hostile|neutral|player|ambient|voice)
[00:04:00] [Server thread/INFO]: /reload
[00:04:00] [Server thread/INFO]: /recipe (give|take)
[00:04:00] [Server thread/INFO]: /say <message>
[00:04:00] [Server thread/INFO]: /schedule (function|clear)
[00:04:00] [Server thread/INFO]: /scoreboard (objectives|players)
[00:04:00] [Server thread/INFO]: /seed
[00:04:00] [Server thread/INFO]: /setblock <pos> <block> [destroy|keep|replace]
[00:04:00] [Server thread/INFO]: /spawnpoint [<targets>]
[00:04:00] [Server thread/INFO]: /setworldspawn [<pos>]
[00:04:00] [Server thread/INFO]: /spectate [<target>]
[00:04:00] [Server thread/INFO]: /spreadplayers <center> <spreadDistance> <maxRange> (<respectTeams>|under)
[00:04:00] [Server thread/INFO]: /stopsound <targets> [*|master|music|record|weather|block|hostile|neutral|player|ambient|voice]
[00:04:00] [Server thread/INFO]: /summon <entity> [<pos>]
[00:04:00] [Server thread/INFO]: /tag <targets> (add|remove|list)
[00:04:00] [Server thread/INFO]: /team (list|add|remove|empty|join|leave|modify)
[00:04:00] [Server thread/INFO]: /teammsg <message>
[00:04:00] [Server thread/INFO]: /tm -> teammsg
[00:04:00] [Server thread/INFO]: /teleport (<location>|<destination>|<targets>)
[00:04:00] [Server thread/INFO]: /tp -> teleport
[00:04:00] [Server thread/INFO]: /tellraw <targets> <message>
[00:04:00] [Server thread/INFO]: /time (set|add|query)
[00:04:00] [Server thread/INFO]: /title <targets> (clear|reset|title|subtitle|actionbar|times)
[00:04:00] [Server thread/INFO]: /trigger <objective> [add|set]
[00:04:00] [Server thread/INFO]: /weather (clear|rain|thunder)
[00:04:00] [Server thread/INFO]: /worldborder (add|set|center|damage|get|warning)
[00:04:00] [Server thread/INFO]: /ban-ip <target> [<reason>]
[00:04:00] [Server thread/INFO]: /banlist [ips|players]
[00:04:00] [Server thread/INFO]: /ban <targets> [<reason>]
[00:04:00] [Server thread/INFO]: /deop <targets>
[00:04:00] [Server thread/INFO]: /op <targets>
[00:04:00] [Server thread/INFO]: /pardon <targets>
[00:04:00] [Server thread/INFO]: /pardon-ip <target>
[00:04:00] [Server thread/INFO]: /perf (start|stop)
[00:04:00] [Server thread/INFO]: /save-all [flush]
[00:04:00] [Server thread/INFO]: /save-off
[00:04:00] [Server thread/INFO]: /save-on
[00:04:00] [Server thread/INFO]: /setidletimeout <minutes>
[00:04:00] [Server thread/INFO]: /stop
[00:04:00] [Server thread/INFO]: /whitelist (on|off|list|add|remove|reload)
[00:04:15] [Server thread/INFO]: Expected whitespace to end one argument, but found trailing data
[00:04:15] [Server thread/INFO]: ...tell hallo?<--[HERE]
[00:04:27] [Server thread/INFO]: Unknown or incomplete command, see below for error
[00:04:27] [Server thread/INFO]: <--[HERE]
[00:04:40] [Server thread/INFO]: Unknown or incomplete command, see below for error
[00:04:40] [Server thread/INFO]: <--[HERE]
[00:04:49] [Server thread/INFO]: Stopping the server
[00:04:49] [Server thread/INFO]: Stopping server
[00:04:49] [Server thread/INFO]: Saving players
[00:04:49] [Server thread/INFO]: Saving worlds
[00:04:49] [Server thread/INFO]: Saving chunks for level 'ServerLevel[world]'/minecraft:overworld
[00:04:49] [Server thread/INFO]: Saving chunks for level 'ServerLevel[world]'/minecraft:the_nether
[00:04:49] [Server thread/INFO]: Saving chunks for level 'ServerLevel[world]'/minecraft:the_end
[00:04:49] [Server thread/INFO]: ThreadedAnvilChunkStorage (world): All chunks are saved
[00:04:49] [Server thread/INFO]: ThreadedAnvilChunkStorage (DIM-1): All chunks are saved
[00:04:49] [Server thread/INFO]: ThreadedAnvilChunkStorage (DIM1): All chunks are saved
[00:04:49] [Server thread/INFO]: ThreadedAnvilChunkStorage: All dimensions are saved
[00:04:49] [Server thread/INFO]: Thread Query Listener stopped
